<?xml version="1.0" encoding="utf-8"?><testsuites name="pytest tests"><testsuite name="pytest" errors="0" failures="1" skipped="0" tests="23" time="6.929" timestamp="2026-05-17T14:27:35.757840+00:00" hostname="agent-env-a88d19e9-68cc-4b5b-bc4b-03c2f18ac9b9"><testcase classname="backend.tests.test_phase2_features.TestSeededLogins" name="test_admin_login" time="0.355" /><testcase classname="backend.tests.test_phase2_features.TestSeededLogins" name="test_driver_login" time="0.327" /><testcase classname="backend.tests.test_phase2_features.TestSeededLogins" name="test_parent_login_active" time="0.337"><failure message="assert 403 == 200&#10; +  where 403 = &lt;Response [403]&gt;.status_code">E   assert 403 == 200
     +  where 403 = &lt;Response [403]&gt;.status_code</failure></testcase><testcase classname="backend.tests.test_phase2_features.TestRegisterPending" name="test_register_parent_pending" time="0.338" /><testcase classname="backend.tests.test_phase2_features.TestRegisterPending" name="test_register_driver_pending" time="0.323" /><testcase classname="backend.tests.test_phase2_features.TestRegisterPending" name="test_register_duplicate" time="0.120" /><testcase classname="backend.tests.test_phase2_features.TestPendingLoginBlocked" name="test_pending_parent_blocked" time="0.346" /><testcase classname="backend.tests.test_phase2_features.TestPendingLoginBlocked" name="test_pending_driver_blocked" time="0.336" /><testcase classname="backend.tests.test_phase2_features.TestAdminPending" name="test_list_pending_includes_new" time="0.441" /><testcase classname="backend.tests.test_phase2_features.TestApprove" name="test_approve_driver_sets_active" time="0.425" /><testcase classname="backend.tests.test_phase2_features.TestApprove" name="test_approve_parent_sets_approved_not_active" time="0.106" /><testcase classname="backend.tests.test_phase2_features.TestApprove" name="test_approved_parent_still_blocked" time="0.324" /><testcase classname="backend.tests.test_phase2_features.TestActivateParent" name="test_activate_fails_no_children" time="0.106" /><testcase classname="backend.tests.test_phase2_features.TestActivateParent" name="test_add_child_without_driver" time="0.144" /><testcase classname="backend.tests.test_phase2_features.TestActivateParent" name="test_activate_fails_child_no_driver" time="0.128" /><testcase classname="backend.tests.test_phase2_features.TestActivateParent" name="test_assign_driver_vehicle" time="0.235" /><testcase classname="backend.tests.test_phase2_features.TestActivateParent" name="test_activate_succeeds" time="0.104" /><testcase classname="backend.tests.test_phase2_features.TestActivateParent" name="test_activated_parent_can_login" time="0.334" /><testcase classname="backend.tests.test_phase2_features.TestPhotoUpload" name="test_user_photo_self" time="0.200" /><testcase classname="backend.tests.test_phase2_features.TestPhotoUpload" name="test_child_photo" time="0.251" /><testcase classname="backend.tests.test_phase2_features.TestNoShowEvent" name="test_driver_checkin_no_show_creates_notification" time="0.547" /><testcase classname="backend.tests.test_phase2_features.TestReject" name="test_reject_deletes_user" time="0.635" /><testcase classname="backend.tests.test_phase2_features.TestZCleanup" name="test_cleanup" time="0.365" /></testsuite></testsuites>