<?xml version="1.0" encoding="utf-8"?><testsuites name="pytest tests"><testsuite name="pytest" errors="0" failures="0" skipped="0" tests="18" time="5.010" timestamp="2026-05-16T19:21:16.192228+00:00" hostname="agent-env-a88d19e9-68cc-4b5b-bc4b-03c2f18ac9b9"><testcase classname="backend.tests.test_vipkids_api.TestAuth" name="test_login_invalid" time="0.258" /><testcase classname="backend.tests.test_vipkids_api.TestAuth" name="test_me_all_roles" time="1.427" /><testcase classname="backend.tests.test_vipkids_api.TestAuth" name="test_notif_prefs_update" time="0.110" /><testcase classname="backend.tests.test_vipkids_api.TestParent" name="test_dashboard" time="0.140" /><testcase classname="backend.tests.test_vipkids_api.TestParent" name="test_track_child" time="0.226" /><testcase classname="backend.tests.test_vipkids_api.TestParent" name="test_schedule_request_create_and_list" time="0.396" /><testcase classname="backend.tests.test_vipkids_api.TestParent" name="test_parent_blocked_from_driver" time="0.103" /><testcase classname="backend.tests.test_vipkids_api.TestParent" name="test_parent_blocked_from_admin" time="0.105" /><testcase classname="backend.tests.test_vipkids_api.TestDriver" name="test_today" time="0.104" /><testcase classname="backend.tests.test_vipkids_api.TestDriver" name="test_location_and_route" time="0.501" /><testcase classname="backend.tests.test_vipkids_api.TestDriver" name="test_checkin_creates_event_and_notif" time="0.359" /><testcase classname="backend.tests.test_vipkids_api.TestDriver" name="test_driver_blocked_from_parent" time="0.103" /><testcase classname="backend.tests.test_vipkids_api.TestChat" name="test_conversations_and_send" time="0.343" /><testcase classname="backend.tests.test_vipkids_api.TestAdmin" name="test_users_filter" time="0.103" /><testcase classname="backend.tests.test_vipkids_api.TestAdmin" name="test_children" time="0.104" /><testcase classname="backend.tests.test_vipkids_api.TestAdmin" name="test_live_routes" time="0.112" /><testcase classname="backend.tests.test_vipkids_api.TestAdmin" name="test_announcement_fanout" time="0.241" /><testcase classname="backend.tests.test_vipkids_api.TestAdmin" name="test_admin_blocked_from_driver" time="0.106" /></testsuite></testsuites>